[20:46:33] [Server thread/INFO]: Starting minecraft server version 1.9
[20:46:33] [Server thread/INFO]: Loading properties
[20:46:33] [Server thread/INFO]: Default game type: SURVIVAL
[20:46:33] [Server thread/INFO]: Generating keypair
[20:46:33] [Server thread/INFO]: Starting Minecraft server on *:25565
[20:46:33] [Server thread/INFO]: Using default channel type
[20:46:34] [Server thread/WARN]: Failed to load user banlist: 
java.io.FileNotFoundException: banned-players.json (The system cannot find the file specified)
	at java.io.FileInputStream.open0(Native Method) ~[?:1.8.0_74]
	at java.io.FileInputStream.open(Unknown Source) ~[?:1.8.0_74]
	at java.io.FileInputStream.<init>(Unknown Source) ~[?:1.8.0_74]
	at com.google.common.io.Files.newReader(Files.java:86) ~[minecraft_server.1.9.jar:?]
	at mq.g(SourceFile:136) ~[minecraft_server.1.9.jar:?]
	at kz.z(SourceFile:99) [minecraft_server.1.9.jar:?]
	at kz.<init>(SourceFile:25) [minecraft_server.1.9.jar:?]
	at la.j(SourceFile:183) [minecraft_server.1.9.jar:?]
	at net.minecraft.server.MinecraftServer.run(SourceFile:427) [minecraft_server.1.9.jar:?]
	at java.lang.Thread.run(Unknown Source) [?:1.8.0_74]
[20:46:34] [Server thread/WARN]: Failed to load ip banlist: 
java.io.FileNotFoundException: banned-ips.json (The system cannot find the file specified)
	at java.io.FileInputStream.open0(Native Method) ~[?:1.8.0_74]
	at java.io.FileInputStream.open(Unknown Source) ~[?:1.8.0_74]
	at java.io.FileInputStream.<init>(Unknown Source) ~[?:1.8.0_74]
	at com.google.common.io.Files.newReader(Files.java:86) ~[minecraft_server.1.9.jar:?]
	at mq.g(SourceFile:136) ~[minecraft_server.1.9.jar:?]
	at kz.y(SourceFile:91) [minecraft_server.1.9.jar:?]
	at kz.<init>(SourceFile:27) [minecraft_server.1.9.jar:?]
	at la.j(SourceFile:183) [minecraft_server.1.9.jar:?]
	at net.minecraft.server.MinecraftServer.run(SourceFile:427) [minecraft_server.1.9.jar:?]
	at java.lang.Thread.run(Unknown Source) [?:1.8.0_74]
[20:46:34] [Server thread/WARN]: Failed to load operators list: 
java.io.FileNotFoundException: ops.json (The system cannot find the file specified)
	at java.io.FileInputStream.open0(Native Method) ~[?:1.8.0_74]
	at java.io.FileInputStream.open(Unknown Source) ~[?:1.8.0_74]
	at java.io.FileInputStream.<init>(Unknown Source) ~[?:1.8.0_74]
	at com.google.common.io.Files.newReader(Files.java:86) ~[minecraft_server.1.9.jar:?]
	at mq.g(SourceFile:136) ~[minecraft_server.1.9.jar:?]
	at kz.A(SourceFile:107) [minecraft_server.1.9.jar:?]
	at kz.<init>(SourceFile:29) [minecraft_server.1.9.jar:?]
	at la.j(SourceFile:183) [minecraft_server.1.9.jar:?]
	at net.minecraft.server.MinecraftServer.run(SourceFile:427) [minecraft_server.1.9.jar:?]
	at java.lang.Thread.run(Unknown Source) [?:1.8.0_74]
[20:46:34] [Server thread/WARN]: Failed to load white-list: 
java.io.FileNotFoundException: whitelist.json (The system cannot find the file specified)
	at java.io.FileInputStream.open0(Native Method) ~[?:1.8.0_74]
	at java.io.FileInputStream.open(Unknown Source) ~[?:1.8.0_74]
	at java.io.FileInputStream.<init>(Unknown Source) ~[?:1.8.0_74]
	at com.google.common.io.Files.newReader(Files.java:86) ~[minecraft_server.1.9.jar:?]
	at mq.g(SourceFile:136) ~[minecraft_server.1.9.jar:?]
	at kz.C(SourceFile:123) [minecraft_server.1.9.jar:?]
	at kz.<init>(SourceFile:30) [minecraft_server.1.9.jar:?]
	at la.j(SourceFile:183) [minecraft_server.1.9.jar:?]
	at net.minecraft.server.MinecraftServer.run(SourceFile:427) [minecraft_server.1.9.jar:?]
	at java.lang.Thread.run(Unknown Source) [?:1.8.0_74]
[20:46:34] [Server thread/INFO]: Preparing level "world"
[20:46:34] [Server thread/INFO]: Preparing start region for level 0
[20:46:35] [Server thread/INFO]: Preparing spawn area: 10%
[20:46:36] [Server thread/INFO]: Preparing spawn area: 24%
[20:46:37] [Server thread/INFO]: Preparing spawn area: 40%
[20:46:38] [Server thread/INFO]: Preparing spawn area: 56%
[20:46:39] [Server thread/INFO]: Preparing spawn area: 74%
[20:46:40] [Server thread/INFO]: Preparing spawn area: 92%
[20:46:41] [Server thread/INFO]: Done (7.016s)! For help, type "help" or "?"
[20:46:41] [User Authenticator #1/INFO]: UUID of player Rocket_Scientst is eeb80643-c200-4a2b-a20f-a3f15ffa1adf
[20:46:41] [Server thread/INFO]: Rocket_Scientst[/127.0.0.1:59652] logged in with entity id 279 at (-240.5, 68.0, 256.5)
[20:46:41] [Server thread/INFO]: Rocket_Scientst joined the game
[20:46:59] [Server thread/INFO]: Rocket_Scientst lost connection: TextComponent{text='Disconnected', siblings=[], style=Style{hasParent=false, color=null, bold=null, italic=null, underlined=null, obfuscated=null, clickEvent=null, hoverEvent=null, insertion=null}}
[20:46:59] [Server thread/INFO]: Rocket_Scientst left the game
[20:47:28] [Server thread/INFO]: Starting minecraft server version 1.9
[20:47:28] [Server thread/INFO]: Loading properties
[20:47:28] [Server thread/INFO]: Default game type: SURVIVAL
[20:47:28] [Server thread/INFO]: Generating keypair
[20:47:28] [Server thread/INFO]: Starting Minecraft server on *:25565
[20:47:28] [Server thread/INFO]: Using default channel type
[20:47:28] [Server thread/INFO]: Preparing level "world"
[20:47:29] [Server thread/INFO]: Preparing start region for level 0
[20:47:30] [Server thread/INFO]: Preparing spawn area: 8%
[20:47:31] [Server thread/INFO]: Preparing spawn area: 27%
[20:47:32] [Server thread/INFO]: Preparing spawn area: 32%
[20:47:33] [Server thread/INFO]: Preparing spawn area: 45%
[20:47:34] [Server thread/INFO]: Preparing spawn area: 62%
[20:47:35] [Server thread/INFO]: Preparing spawn area: 75%
[20:47:36] [Server thread/INFO]: Preparing spawn area: 88%
[20:47:37] [Server thread/INFO]: Preparing spawn area: 98%
[20:47:37] [Server thread/INFO]: Done (9.039s)! For help, type "help" or "?"
ndException: Address already in use: bind
[20:47:30] [Server thread/WARN]: Perhaps a server is already running on that port?
[20:47:30] [Server thread/INFO]: Stopping server
[20:47:32] [Server thread/INFO]: Starting minecraft server version 1.9
[20:47:32] [Server thread/INFO]: Loading properties
[20:47:32] [Server thread/INFO]: Default game type: SURVIVAL
[20:47:32] [Server thread/INFO]: Generating keypair
[20:47:32] [Server thread/INFO]: Starting Minecraft server on *:25565
[20:47:32] [Server thread/INFO]: Using default channel type
[20:47:32] [Server thread/WARN]: **** FAILED TO BIND TO PORT!
[20:47:32] [Server thread/WARN]: The exception was: java.net.BindException: Address already in use: bind
[20:47:32] [Server thread/WARN]: Perhaps a server is already running on that port?
[20:47:32] [Server thread/INFO]: Stopping server
[20:47:37] [Server thread/INFO]: Starting minecraft server version 1.9
[20:47:37] [Server thread/INFO]: Loading properties
[20:47:37] [Server thread/INFO]: Default game type: SURVIVAL
[20:47:37] [Server thread/INFO]: Generating keypair
[20:47:37] [Server thread/INFO]: Starting Minecraft server on *:25565
[20:47:37] [Server thread/INFO]: Using default channel type
[20:47:37] [Server thread/WARN]: **** FAILED TO BIND TO PORT!
[20:47:37] [Server thread/WARN]: The exception was: java.net.BindException: Address already in use: bind
[20:47:37] [Server thread/WARN]: Perhaps a server is already running on that port?
[20:47:37] [Server thread/INFO]: Stopping server
