[19:42:10] [Server thread/INFO]: Starting minecraft server version 1.9
[19:42:10] [Server thread/INFO]: Loading properties
[19:42:10] [Server thread/INFO]: Default game type: SURVIVAL
[19:42:10] [Server thread/INFO]: Generating keypair
[19:42:10] [Server thread/INFO]: Starting Minecraft server on *:25565
[19:42:10] [Server thread/INFO]: Using default channel type
[19:42:10] [Server thread/INFO]: Preparing level "world"
[19:42:10] [Server thread/INFO]: Preparing start region for level 0
[19:42:11] [Server thread/INFO]: Preparing spawn area: 67%
[19:42:11] [Server thread/INFO]: Done (1.397s)! For help, type "help" or "?"
[19:42:11] [Server thread/INFO]: Starting GS4 status listener
[19:42:11] [Query Listener #1/INFO]: Query running on 0.0.0.0:25565
[19:43:03] [User Authenticator #1/INFO]: UUID of player Rocket_Scientst is eeb80643-c200-4a2b-a20f-a3f15ffa1adf
[19:43:04] [Server thread/INFO]: Rocket_Scientst[/127.0.0.1:64648] logged in with entity id 178 at (-240.5, 73.0, 256.5)
[19:43:04] [Server thread/INFO]: Rocket_Scientst joined the game
[19:44:01] [Server thread/INFO]: [Server] hi
[19:44:04] [Server thread/INFO]: <Rocket_Scientst> hello
[19:44:11] [Server thread/INFO]: [Server] whats up guys!
[19:44:35] [Server thread/INFO]: [Server] Dural>GI
[19:47:15] [Server thread/INFO]: Opped Rocket_Scientst
[19:47:19] [Server thread/INFO]: [Rocket_Scientst: Set own game mode to Creative Mode]
[19:51:28] [Server thread/INFO]: Rocket_Scientst lost connection: TextComponent{text='Disconnected', siblings=[], style=Style{hasParent=false, color=null, bold=null, italic=null, underlined=null, obfuscated=null, clickEvent=null, hoverEvent=null, insertion=null}}
[19:51:28] [Server thread/INFO]: Rocket_Scientst left the game
